<?xml version='1.0' encoding='UTF-8'?>
<testsuite hostname="User" name="riscv.ALUTest" tests="13" errors="0" failures="0" skipped="0" time="1.299" timestamp="2025-12-28T20:58:46">
          <properties>
[...]
</properties>
          <testcase classname="riscv.ALUTest" name="ALU should perform ADD correctly" time="0.102">
                      
                    </testcase><testcase classname="riscv.ALUTest" name="ALU should perform SUB correctly" time="0.097">
                      
                    </testcase><testcase classname="riscv.ALUTest" name="ALU should perform AND correctly" time="0.114">
                      
                    </testcase><testcase classname="riscv.ALUTest" name="ALU should perform OR correctly" time="0.096">
                      
                    </testcase><testcase classname="riscv.ALUTest" name="ALU should perform XOR correctly" time="0.098">
                      
                    </testcase><testcase classname="riscv.ALUTest" name="ALU should perform SLL (shift left logical) correctly" time="0.093">
                      
                    </testcase><testcase classname="riscv.ALUTest" name="ALU should perform SRL (shift right logical) correctly" time="0.105">
                      
                    </testcase><testcase classname="riscv.ALUTest" name="ALU should perform SRA (shift right arithmetic) correctly" time="0.099">
                      
                    </testcase><testcase classname="riscv.ALUTest" name="ALU should perform SLT (set less than, signed) correctly" time="0.095">
                      
                    </testcase><testcase classname="riscv.ALUTest" name="ALU should perform SLTU (set less than, unsigned) correctly" time="0.093">
                      
                    </testcase><testcase classname="riscv.ALUTest" name="ALU should output zero for ALUFunctions.zero" time="0.109">
                      
                    </testcase><testcase classname="riscv.ALUTest" name="ALU should handle all-ones operands correctly" time="0.094">
                      
                    </testcase><testcase classname="riscv.ALUTest" name="ALU should handle zero operands correctly" time="0.104">
                      
                    </testcase>
          <system-out><![CDATA[]]></system-out>
          <system-err><![CDATA[]]></system-err>
        </testsuite>