<?xml version='1.0' encoding='UTF-8'?>
<testsuite hostname="User" name="riscv.ReturnAddressStackTest" tests="6" errors="0" failures="0" skipped="0" time="2.581" timestamp="2025-12-28T20:58:37">
          <properties>
[...]
</properties>
          <testcase classname="riscv.ReturnAddressStackTest" name="Return Address Stack should return invalid when empty" time="1.707">
                      
                    </testcase><testcase classname="riscv.ReturnAddressStackTest" name="Return Address Stack should push and pop correctly" time="0.21">
                      
                    </testcase><testcase classname="riscv.ReturnAddressStackTest" name="Return Address Stack should handle overflow gracefully (shift down)" time="0.184">
                      
                    </testcase><testcase classname="riscv.ReturnAddressStackTest" name="Return Address Stack should handle underflow gracefully (saturate at 0)" time="0.148">
                      
                    </testcase><testcase classname="riscv.ReturnAddressStackTest" name="Return Address Stack should handle simultaneous push and pop (replace TOS)" time="0.143">
                      
                    </testcase><testcase classname="riscv.ReturnAddressStackTest" name="Return Address Stack should restore state after misprediction" time="0.189">
                      
                    </testcase>
          <system-out><![CDATA[]]></system-out>
          <system-err><![CDATA[]]></system-err>
        </testsuite>