<?xml version='1.0' encoding='UTF-8'?>
<testsuite hostname="User" name="riscv.UARTTest" tests="18" errors="0" failures="0" skipped="0" time="2.446" timestamp="2025-12-28T20:58:42">
          <properties>
[...]
</properties>
          <testcase classname="riscv.UARTTest" name="UART Tx should be ready when idle" time="0.147">
                      
                    </testcase><testcase classname="riscv.UARTTest" name="UART Tx should transmit start bit, data, and stop bits" time="0.131">
                      
                    </testcase><testcase classname="riscv.UARTTest" name="UART Tx should not accept data when busy" time="0.099">
                      
                    </testcase><testcase classname="riscv.UARTTest" name="UART Rx should signal valid when byte received" time="0.131">
                      
                    </testcase><testcase classname="riscv.UARTTest" name="UART Rx should receive 0x00 byte correctly" time="0.112">
                      
                    </testcase><testcase classname="riscv.UARTTest" name="UART Rx should receive 0xFF byte correctly" time="0.108">
                      
                    </testcase><testcase classname="riscv.UARTTest" name="UART Buffer should be ready when empty" time="0.1">
                      
                    </testcase><testcase classname="riscv.UARTTest" name="UART Buffer should store and forward one byte" time="0.105">
                      
                    </testcase><testcase classname="riscv.UARTTest" name="UART Buffer should not accept data when full" time="0.096">
                      
                    </testcase><testcase classname="riscv.UARTTest" name="BufferedTx should accept byte into buffer while transmitting" time="0.112">
                      
                    </testcase><testcase classname="riscv.UARTTest" name="BufferedTx should transmit consecutive bytes" time="0.104">
                      
                    </testcase><testcase classname="riscv.UARTTest" name="Uart MMIO Interface should read baud rate from MMIO register" time="0.177">
                      
                    </testcase><testcase classname="riscv.UARTTest" name="Uart MMIO Interface should show TX ready in STATUS register when idle" time="0.153">
                      
                    </testcase><testcase classname="riscv.UARTTest" name="Uart MMIO Interface should transmit byte via TX_DATA register" time="0.148">
                      
                    </testcase><testcase classname="riscv.UARTTest" name="Uart MMIO Interface should set RX valid in STATUS when data received" time="0.194">
                      
                    </testcase><testcase classname="riscv.UARTTest" name="Uart MMIO Interface should generate interrupt on RX and clear on read" time="0.174">
                      
                    </testcase><testcase classname="riscv.UARTTest" name="Uart MMIO Interface should allow manual interrupt control via INTERRUPT register" time="0.142">
                      
                    </testcase><testcase classname="riscv.UARTTest" name="Uart TX/RX Loopback should receive transmitted data in loopback" time="0.213">
                      
                    </testcase>
          <system-out><![CDATA[]]></system-out>
          <system-err><![CDATA[]]></system-err>
        </testsuite>