<?xml version='1.0' encoding='UTF-8'?>
<testsuite hostname="User" name="riscv.DebugWriteTest" tests="1" errors="0" failures="1" skipped="0" time="1.423" timestamp="2025-12-28T20:58:40">
          <properties>
[...]
</properties>
          <testcase classname="riscv.DebugWriteTest" name="Debug Write Test should execute uart test and verify memory writes" time="1.423">
                      <failure message="java.lang.IllegalArgumentException: requirement failed: /home/johnson/Desktop/mycpu-4soc/4-soc/verilog/uart.asmbin.txt is not a relative path" type="sbt.ForkMain$ForkError">sbt.ForkMain$ForkError: java.lang.IllegalArgumentException: requirement failed: /home/johnson/Desktop/mycpu-4soc/4-soc/verilog/uart.asmbin.txt is not a relative path
	at scala.Predef$.require(Predef.scala:337)
	at os.RelPath$.apply(Path.scala:292)
	at treadle.executable.MemoryFileParser$.parse(Memory.scala:693)
	at treadle.executable.MemoryInitializer.$anonfun$handleInitializers$3(Memory.scala:644)
	at treadle.executable.MemoryInitializer.$anonfun$handleInitializers$3$adapted(Memory.scala:632)
	at scala.collection.immutable.List.foreach(List.scala:333)
	at treadle.executable.MemoryInitializer.handleInitializers(Memory.scala:632)
	at treadle.executable.MemoryInitializer.&lt;init&gt;(Memory.scala:612)
	at treadle.executable.ExecutionEngine.&lt;init&gt;(ExecutionEngine.scala:118)
	at treadle.executable.ExecutionEngine$.apply(ExecutionEngine.scala:662)
	at treadle.TreadleTester.&lt;init&gt;(TreadleTester.scala:43)
	at treadle.stage.phases.CreateTester$.transform(CreateTester.scala:19)
	at treadle.stage.phases.CreateTester$.transform(CreateTester.scala:10)
	at treadle.stage.TreadleTesterPhase.$anonfun$transform$1(TreadleTesterPhase.scala:21)
	at scala.collection.LinearSeqOps.foldLeft(LinearSeq.scala:183)
	at scala.collection.LinearSeqOps.foldLeft$(LinearSeq.scala:179)
	at scala.collection.immutable.List.foldLeft(List.scala:79)
	at treadle.stage.TreadleTesterPhase.transform(TreadleTesterPhase.scala:21)
	at chiseltest.simulator.TreadleSimulator$.createContext(TreadleSimulator.scala:38)
	at chiseltest.internal.BackendExecutive$.start(BackendExecutive.scala:37)
	at chiseltest.defaults.package$.createDefaultTester(defaults.scala:21)
	at chiseltest.ChiselScalatestTester$TestBuilder.apply(ChiselScalatestTester.scala:31)
	at riscv.DebugWriteTest.$anonfun$new$1(DebugWriteTest.scala:17)
	at org.scalatest.OutcomeOf.outcomeOf(OutcomeOf.scala:85)
	at org.scalatest.OutcomeOf.outcomeOf$(OutcomeOf.scala:83)
	at org.scalatest.OutcomeOf$.outcomeOf(OutcomeOf.scala:104)
	at org.scalatest.Transformer.apply(Transformer.scala:22)
	at org.scalatest.Transformer.apply(Transformer.scala:20)
	at org.scalatest.flatspec.AnyFlatSpecLike$$anon$5.apply(AnyFlatSpecLike.scala:1832)
	at org.scalatest.TestSuite.withFixture(TestSuite.scala:196)
	at org.scalatest.TestSuite.withFixture$(TestSuite.scala:195)
	at riscv.DebugWriteTest.chiseltest$ChiselScalatestTester$$super$withFixture(DebugWriteTest.scala:12)
	at chiseltest.ChiselScalatestTester.$anonfun$withFixture$1(ChiselScalatestTester.scala:82)
	at scala.util.DynamicVariable.withValue(DynamicVariable.scala:59)
	at chiseltest.ChiselScalatestTester.withFixture(ChiselScalatestTester.scala:82)
	at chiseltest.ChiselScalatestTester.withFixture$(ChiselScalatestTester.scala:79)
	at riscv.DebugWriteTest.withFixture(DebugWriteTest.scala:12)
	at org.scalatest.flatspec.AnyFlatSpecLike.invokeWithFixture$1(AnyFlatSpecLike.scala:1830)
	at org.scalatest.flatspec.AnyFlatSpecLike.$anonfun$runTest$1(AnyFlatSpecLike.scala:1842)
	at org.scalatest.SuperEngine.runTestImpl(Engine.scala:306)
	at org.scalatest.flatspec.AnyFlatSpecLike.runTest(AnyFlatSpecLike.scala:1842)
	at org.scalatest.flatspec.AnyFlatSpecLike.runTest$(AnyFlatSpecLike.scala:1824)
	at org.scalatest.flatspec.AnyFlatSpec.runTest(AnyFlatSpec.scala:1686)
	at org.scalatest.flatspec.AnyFlatSpecLike.$anonfun$runTests$1(AnyFlatSpecLike.scala:1900)
	at org.scalatest.SuperEngine.$anonfun$runTestsInBranch$1(Engine.scala:413)
	at scala.collection.immutable.List.foreach(List.scala:333)
	at org.scalatest.SuperEngine.traverseSubNodes$1(Engine.scala:401)
	at org.scalatest.SuperEngine.runTestsInBranch(Engine.scala:390)
	at org.scalatest.SuperEngine.$anonfun$runTestsInBranch$1(Engine.scala:427)
	at scala.collection.immutable.List.foreach(List.scala:333)
	at org.scalatest.SuperEngine.traverseSubNodes$1(Engine.scala:401)
	at org.scalatest.SuperEngine.runTestsInBranch(Engine.scala:396)
	at org.scalatest.SuperEngine.runTestsImpl(Engine.scala:475)
	at org.scalatest.flatspec.AnyFlatSpecLike.runTests(AnyFlatSpecLike.scala:1900)
	at org.scalatest.flatspec.AnyFlatSpecLike.runTests$(AnyFlatSpecLike.scala:1899)
	at org.scalatest.flatspec.AnyFlatSpec.runTests(AnyFlatSpec.scala:1686)
	at org.scalatest.Suite.run(Suite.scala:1114)
	at org.scalatest.Suite.run$(Suite.scala:1096)
	at org.scalatest.flatspec.AnyFlatSpec.org$scalatest$flatspec$AnyFlatSpecLike$$super$run(AnyFlatSpec.scala:1686)
	at org.scalatest.flatspec.AnyFlatSpecLike.$anonfun$run$1(AnyFlatSpecLike.scala:1945)
	at org.scalatest.SuperEngine.runImpl(Engine.scala:535)
	at org.scalatest.flatspec.AnyFlatSpecLike.run(AnyFlatSpecLike.scala:1945)
	at org.scalatest.flatspec.AnyFlatSpecLike.run$(AnyFlatSpecLike.scala:1943)
	at org.scalatest.flatspec.AnyFlatSpec.run(AnyFlatSpec.scala:1686)
	at org.scalatest.tools.Framework.org$scalatest$tools$Framework$$runSuite(Framework.scala:321)
	at org.scalatest.tools.Framework$ScalaTestTask.execute(Framework.scala:517)
	at sbt.ForkMain$Run.lambda$runTest$1(ForkMain.java:414)
	at java.util.concurrent.FutureTask.run(FutureTask.java:266)
	at java.util.concurrent.ThreadPoolExecutor.runWorker(ThreadPoolExecutor.java:1149)
	at java.util.concurrent.ThreadPoolExecutor$Worker.run(ThreadPoolExecutor.java:624)
	at java.lang.Thread.run(Thread.java:750)
</failure>
                    </testcase>
          <system-out><![CDATA[]]></system-out>
          <system-err><![CDATA[]]></system-err>
        </testsuite>