<?xml version='1.0' encoding='UTF-8'?>
<testsuite hostname="User" name="riscv.CLINTTest" tests="10" errors="0" failures="0" skipped="0" time="1.008" timestamp="2025-12-28T20:58:48">
          <properties>
[...]
</properties>
          <testcase classname="riscv.CLINTTest" name="Core Local Interrupt Controller should not assert interrupt when no interrupt flag" time="0.097">
                      
                    </testcase><testcase classname="riscv.CLINTTest" name="Core Local Interrupt Controller should assert timer interrupt when flag set and enabled" time="0.098">
                      
                    </testcase><testcase classname="riscv.CLINTTest" name="Core Local Interrupt Controller should not assert timer interrupt when global interrupt disabled" time="0.099">
                      
                    </testcase><testcase classname="riscv.CLINTTest" name="Core Local Interrupt Controller should not assert timer interrupt when timer interrupt disabled in MIE" time="0.099">
                      
                    </testcase><testcase classname="riscv.CLINTTest" name="Core Local Interrupt Controller should handle ECALL instruction correctly" time="0.104">
                      
                    </testcase><testcase classname="riscv.CLINTTest" name="Core Local Interrupt Controller should handle EBREAK instruction correctly" time="0.101">
                      
                    </testcase><testcase classname="riscv.CLINTTest" name="Core Local Interrupt Controller should handle MRET instruction correctly" time="0.103">
                      
                    </testcase><testcase classname="riscv.CLINTTest" name="Core Local Interrupt Controller should use jump_address when jump_flag is set for mepc" time="0.108">
                      
                    </testcase><testcase classname="riscv.CLINTTest" name="Core Local Interrupt Controller should disable interrupts in mstatus when handling interrupt" time="0.103">
                      
                    </testcase><testcase classname="riscv.CLINTTest" name="Core Local Interrupt Controller should prioritize ECALL over pending interrupt" time="0.096">
                      
                    </testcase>
          <system-out><![CDATA[]]></system-out>
          <system-err><![CDATA[]]></system-err>
        </testsuite>